<?xml version="1.0" encoding="UTF-8"?>
<!-- Generated by org.testng.reporters.JUnitReportReporter -->
<testsuite hostname="LAPTOP-3LM0TE9V" name="test.java.it.ausposttests.AusMyPostBusinessBTestIT" tests="1" failures="0" timestamp="31 Mar 2019 04:33:57 GMT" time="24.434" errors="0">
  <testcase name="loginToAusPostMyPostBusinessApp" time="24.434" classname="test.java.it.ausposttests.AusMyPostBusinessBTestIT"/>
</testsuite> <!-- test.java.it.ausposttests.AusMyPostBusinessBTestIT -->
